0 info it worked if it ends with ok
1 verbose cli [ '/usr/bin/nodejs', '/usr/bin/npm', 'install', '-g', 'phpcs' ]
2 info using npm@1.3.10
3 info using node@v0.10.25
4 verbose cache add [ 'phpcs', null ]
5 verbose cache add name=undefined spec="phpcs" args=["phpcs",null]
6 verbose parsed url { protocol: null,
6 verbose parsed url   slashes: null,
6 verbose parsed url   auth: null,
6 verbose parsed url   host: null,
6 verbose parsed url   port: null,
6 verbose parsed url   hostname: null,
6 verbose parsed url   hash: null,
6 verbose parsed url   search: null,
6 verbose parsed url   query: null,
6 verbose parsed url   pathname: 'phpcs',
6 verbose parsed url   path: 'phpcs',
6 verbose parsed url   href: 'phpcs' }
7 silly lockFile eca005a6-phpcs phpcs
8 verbose lock phpcs /home/yudhana/.npm/eca005a6-phpcs.lock
9 silly lockFile eca005a6-phpcs phpcs
10 silly lockFile eca005a6-phpcs phpcs
11 verbose addNamed [ 'phpcs', '' ]
12 verbose addNamed [ null, '*' ]
13 silly lockFile 461866a4-phpcs phpcs@
14 verbose lock phpcs@ /home/yudhana/.npm/461866a4-phpcs.lock
15 silly addNameRange { name: 'phpcs', range: '*', hasData: false }
16 verbose url raw phpcs
17 verbose url resolving [ 'https://registry.npmjs.org/', './phpcs' ]
18 verbose url resolved https://registry.npmjs.org/phpcs
19 info trying registry request attempt 1 at 23:24:50
20 http GET https://registry.npmjs.org/phpcs
21 info retry will retry, error on last attempt: Error: getaddrinfo ENOTFOUND
22 info trying registry request attempt 2 at 23:25:25
23 http GET https://registry.npmjs.org/phpcs
24 http 404 https://registry.npmjs.org/phpcs
25 error TypeError: Cannot call method 'match' of undefined
25 error     at RegClient.<anonymous> (/usr/share/npm/node_modules/npm-registry-client/lib/request.js:119:29)
25 error     at cb (/usr/share/npm/node_modules/npm-registry-client/lib/request.js:158:9)
25 error     at RegClient.<anonymous> (/usr/share/npm/node_modules/npm-registry-client/lib/request.js:252:14)
25 error     at Request.self.callback (/usr/lib/nodejs/request/index.js:148:22)
25 error     at Request.EventEmitter.emit (events.js:98:17)
25 error     at Request.<anonymous> (/usr/lib/nodejs/request/index.js:896:14)
25 error     at Request.EventEmitter.emit (events.js:117:20)
25 error     at IncomingMessage.<anonymous> (/usr/lib/nodejs/request/index.js:847:12)
25 error     at IncomingMessage.EventEmitter.emit (events.js:117:20)
25 error     at _stream_readable.js:920:16
26 error If you need help, you may report this log at:
26 error     <http://github.com/isaacs/npm/issues>
26 error or email it to:
26 error     <npm-@googlegroups.com>
27 error System Linux 3.16.0-45-generic
28 error command "/usr/bin/nodejs" "/usr/bin/npm" "install" "-g" "phpcs"
29 error cwd /home/yudhana/Work/Akademik
30 error node -v v0.10.25
31 error npm -v 1.3.10
32 error type non_object_property_call
33 verbose exit [ 1, true ]
